<?xml version="1.0" encoding="UTF-8"?>
<testng-results ignored="0" total="1" passed="1" failed="0" skipped="0">
  <reporter-output>
  </reporter-output>
  <suite started-at="2021-08-03T18:17:25 IST" name="Suite" finished-at="2021-08-03T18:17:49 IST" duration-ms="23888">
    <groups>
    </groups>
    <test started-at="2021-08-03T18:17:25 IST" name="Test" finished-at="2021-08-03T18:17:49 IST" duration-ms="23888">
      <class name="com.orangehrm_hybridframework.testCases.Login_TC002">
        <test-method is-config="true" signature="init()[pri:0, instance:com.orangehrm_hybridframework.testCases.Login_TC002@32b260fa]" started-at="2021-08-03T18:17:25 IST" name="init" finished-at="2021-08-03T18:17:25 IST" duration-ms="70" status="PASS">
          <reporter-output>
          </reporter-output>
        </test-method> <!-- init -->
        <test-method is-config="true" signature="setUP(java.lang.String)[pri:0, instance:com.orangehrm_hybridframework.testCases.Login_TC002@32b260fa]" started-at="2021-08-03T18:17:25 IST" name="setUP" finished-at="2021-08-03T18:17:37 IST" duration-ms="12553" status="PASS">
          <params>
            <param index="0">
              <value>
                <![CDATA[Chrome]]>
              </value>
            </param>
          </params>
          <reporter-output>
          </reporter-output>
        </test-method> <!-- setUP -->
        <test-method signature="login_TC002()[pri:0, instance:com.orangehrm_hybridframework.testCases.Login_TC002@32b260fa]" started-at="2021-08-03T18:17:37 IST" name="login_TC002" finished-at="2021-08-03T18:17:48 IST" duration-ms="10426" status="PASS">
          <reporter-output>
          </reporter-output>
        </test-method> <!-- login_TC002 -->
        <test-method is-config="true" signature="tearDown()[pri:0, instance:com.orangehrm_hybridframework.testCases.Login_TC002@32b260fa]" started-at="2021-08-03T18:17:48 IST" name="tearDown" finished-at="2021-08-03T18:17:49 IST" duration-ms="853" status="PASS">
          <reporter-output>
          </reporter-output>
        </test-method> <!-- tearDown -->
      </class> <!-- com.orangehrm_hybridframework.testCases.Login_TC002 -->
    </test> <!-- Test -->
  </suite> <!-- Suite -->
</testng-results>
